<?xml version="1.0" encoding="UTF-8"?>
<testng-results skipped="0" failed="0" ignored="0" total="5" passed="5">
  <reporter-output>
  </reporter-output>
  <suite name="Default suite" duration-ms="34862" started-at="2022-09-28T00:35:34 IST" finished-at="2022-09-28T00:36:09 IST">
    <groups>
      <group name="cucumber">
        <method signature="AbstractTestNGCucumberTests.runScenario(io.cucumber.testng.PickleWrapper,io.cucumber.testng.FeatureWrapper)[pri:0, instance:mainrunner@18bf3d14]" name="runScenario" class="io.cucumber.testng.AbstractTestNGCucumberTests"/>
      </group> <!-- cucumber -->
    </groups>
    <test name="Default test" duration-ms="34862" started-at="2022-09-28T00:35:34 IST" finished-at="2022-09-28T00:36:09 IST">
      <class name="mainrunner">
        <test-method status="PASS" signature="setUpClass(org.testng.ITestContext)[pri:0, instance:mainrunner@18bf3d14]" name="setUpClass" is-config="true" duration-ms="154" started-at="2022-09-28T00:35:34 IST" finished-at="2022-09-28T00:35:35 IST">
          <params>
            <param index="0">
              <value>
                <![CDATA[org.testng.TestRunner@77a2aa4a]]>
              </value>
            </param>
          </params>
          <reporter-output>
          </reporter-output>
        </test-method> <!-- setUpClass -->
        <test-method status="PASS" signature="runScenario(io.cucumber.testng.PickleWrapper,io.cucumber.testng.FeatureWrapper)[pri:0, instance:mainrunner@18bf3d14]" name="runScenario" duration-ms="8222" started-at="2022-09-28T00:35:35 IST" description="Runs Cucumber Scenarios" data-provider="scenarios" finished-at="2022-09-28T00:35:43 IST">
          <params>
            <param index="0">
              <value>
                <![CDATA["validate positive login"]]>
              </value>
            </param>
            <param index="1">
              <value>
                <![CDATA["Title of your feature"]]>
              </value>
            </param>
          </params>
          <reporter-output>
          </reporter-output>
        </test-method> <!-- runScenario -->
        <test-method status="PASS" signature="runScenario(io.cucumber.testng.PickleWrapper,io.cucumber.testng.FeatureWrapper)[pri:0, instance:mainrunner@18bf3d14]" name="runScenario" duration-ms="4768" started-at="2022-09-28T00:35:43 IST" description="Runs Cucumber Scenarios" data-provider="scenarios" finished-at="2022-09-28T00:35:48 IST">
          <params>
            <param index="0">
              <value>
                <![CDATA["validate negative login"]]>
              </value>
            </param>
            <param index="1">
              <value>
                <![CDATA["Title of your feature"]]>
              </value>
            </param>
          </params>
          <reporter-output>
          </reporter-output>
        </test-method> <!-- runScenario -->
        <test-method status="PASS" signature="runScenario(io.cucumber.testng.PickleWrapper,io.cucumber.testng.FeatureWrapper)[pri:0, instance:mainrunner@18bf3d14]" name="runScenario" duration-ms="5190" started-at="2022-09-28T00:35:48 IST" description="Runs Cucumber Scenarios" data-provider="scenarios" finished-at="2022-09-28T00:35:53 IST">
          <params>
            <param index="0">
              <value>
                <![CDATA["validate negative login"]]>
              </value>
            </param>
            <param index="1">
              <value>
                <![CDATA["Title of your feature"]]>
              </value>
            </param>
          </params>
          <reporter-output>
          </reporter-output>
        </test-method> <!-- runScenario -->
        <test-method status="PASS" signature="runScenario(io.cucumber.testng.PickleWrapper,io.cucumber.testng.FeatureWrapper)[pri:0, instance:mainrunner@18bf3d14]" name="runScenario" duration-ms="11209" started-at="2022-09-28T00:35:53 IST" description="Runs Cucumber Scenarios" data-provider="scenarios" finished-at="2022-09-28T00:36:04 IST">
          <params>
            <param index="0">
              <value>
                <![CDATA["validate negative login"]]>
              </value>
            </param>
            <param index="1">
              <value>
                <![CDATA["Title of your feature"]]>
              </value>
            </param>
          </params>
          <reporter-output>
          </reporter-output>
        </test-method> <!-- runScenario -->
        <test-method status="PASS" signature="runScenario(io.cucumber.testng.PickleWrapper,io.cucumber.testng.FeatureWrapper)[pri:0, instance:mainrunner@18bf3d14]" name="runScenario" duration-ms="5281" started-at="2022-09-28T00:36:04 IST" description="Runs Cucumber Scenarios" data-provider="scenarios" finished-at="2022-09-28T00:36:09 IST">
          <params>
            <param index="0">
              <value>
                <![CDATA["validate negative login"]]>
              </value>
            </param>
            <param index="1">
              <value>
                <![CDATA["Title of your feature"]]>
              </value>
            </param>
          </params>
          <reporter-output>
          </reporter-output>
        </test-method> <!-- runScenario -->
        <test-method status="PASS" signature="tearDownClass()[pri:0, instance:mainrunner@18bf3d14]" name="tearDownClass" is-config="true" duration-ms="6" started-at="2022-09-28T00:36:09 IST" finished-at="2022-09-28T00:36:09 IST">
          <reporter-output>
          </reporter-output>
        </test-method> <!-- tearDownClass -->
      </class> <!-- mainrunner -->
    </test> <!-- Default test -->
  </suite> <!-- Default suite -->
</testng-results>
